[debug] [2026-04-06T06:10:32.260Z] ----------------------------------------------------------------------
[debug] [2026-04-06T06:10:32.263Z] Command:       /nix/store/ws50yvm6vzlzf7jzz6n7xh4szddrack1-nodejs-20.19.1/bin/node /nix/store/gm9mcvzb17vv8cla08khrg29vxn3sq4r-firebase-tools-15.1.0/lib/node_modules/firebase-tools/lib/bin/firebase.js projects:create parking-reservation-2026 --display-name 방문 신청
[debug] [2026-04-06T06:10:32.264Z] CLI Version:   15.1.0
[debug] [2026-04-06T06:10:32.264Z] Platform:      linux
[debug] [2026-04-06T06:10:32.264Z] Node Version:  v20.19.1
[debug] [2026-04-06T06:10:32.264Z] Time:          Mon Apr 06 2026 06:10:32 GMT+0000 (Coordinated Universal Time)
[debug] [2026-04-06T06:10:32.264Z] ----------------------------------------------------------------------
[debug] 
[debug] [2026-04-06T06:10:32.277Z] No OAuth tokens found
[debug] [2026-04-06T06:10:32.278Z] No OAuth tokens found
[error] Failed to fetch Firebase Project from current Studio Workspace: Unable to refresh auth: not yet authenticated.
[debug] [2026-04-06T06:10:32.282Z] > command requires scopes: ["email","openid","https://www.googleapis.com/auth/cloudplatformprojects.readonly","https://www.googleapis.com/auth/firebase","https://www.googleapis.com/auth/cloud-platform","https://www.googleapis.com/auth/userinfo.email"]
[debug] [2026-04-06T06:10:32.283Z] > authorizing via signed-in user (ajw103@netmarble.com)
[debug] [2026-04-06T06:10:32.287Z] No OAuth tokens found
[debug] [2026-04-06T06:10:32.288Z] No OAuth tokens found
[debug] [2026-04-06T06:10:32.288Z] > command requires scopes: ["email","openid","https://www.googleapis.com/auth/cloudplatformprojects.readonly","https://www.googleapis.com/auth/firebase","https://www.googleapis.com/auth/cloud-platform","https://www.googleapis.com/auth/userinfo.email"]
[debug] [2026-04-06T06:10:32.288Z] > authorizing via signed-in user (ajw103@netmarble.com)
[debug] [2026-04-06T06:10:32.291Z] >>> [apiv2][query] POST https://cloudresourcemanager.googleapis.com/v1/projects [none]
[debug] [2026-04-06T06:10:32.291Z] >>> [apiv2][body] POST https://cloudresourcemanager.googleapis.com/v1/projects {"projectId":"parking-reservation-2026","name":"방문 신청"}
[debug] [2026-04-06T06:10:33.144Z] <<< [apiv2][status] POST https://cloudresourcemanager.googleapis.com/v1/projects 400
[debug] [2026-04-06T06:10:33.144Z] <<< [apiv2][body] POST https://cloudresourcemanager.googleapis.com/v1/projects {"error":{"code":400,"message":"field [display_name] has issue [project display name contains invalid characters]","status":"INVALID_ARGUMENT","details":[{"@type":"type.googleapis.com/google.rpc.BadRequest","fieldViolations":[{"field":"display_name","description":"project display name contains invalid characters"}]},{"@type":"type.googleapis.com/google.rpc.Help","links":[{"url":"https://cloud.google.com/resource-manager/reference/rest/v1/projects"}]}]}}
[debug] [2026-04-06T06:10:33.150Z] FirebaseError: Request to https://cloudresourcemanager.googleapis.com/v1/projects had HTTP Error: 400, field [display_name] has issue [project display name contains invalid characters]
    at responseToError (/nix/store/gm9mcvzb17vv8cla08khrg29vxn3sq4r-firebase-tools-15.1.0/lib/node_modules/firebase-tools/lib/responseToError.js:53:12)
    at RetryOperation._fn (/nix/store/gm9mcvzb17vv8cla08khrg29vxn3sq4r-firebase-tools-15.1.0/lib/node_modules/firebase-tools/lib/apiv2.js:322:77)
    at process.processTicksAndRejections (node:internal/process/task_queues:95:5)
[error] 
[error] Error: Failed to create project. See firebase-debug.log for more info.
[debug] [2026-04-06T06:14:12.263Z] ----------------------------------------------------------------------
[debug] [2026-04-06T06:14:12.267Z] Command:       /nix/store/ws50yvm6vzlzf7jzz6n7xh4szddrack1-nodejs-20.19.1/bin/node /nix/store/gm9mcvzb17vv8cla08khrg29vxn3sq4r-firebase-tools-15.1.0/lib/node_modules/firebase-tools/lib/bin/firebase.js projects:create parking-reservation-2026 --display-name 방문 신청
[debug] [2026-04-06T06:14:12.267Z] CLI Version:   15.1.0
[debug] [2026-04-06T06:14:12.268Z] Platform:      linux
[debug] [2026-04-06T06:14:12.268Z] Node Version:  v20.19.1
[debug] [2026-04-06T06:14:12.268Z] Time:          Mon Apr 06 2026 06:14:12 GMT+0000 (Coordinated Universal Time)
[debug] [2026-04-06T06:14:12.268Z] ----------------------------------------------------------------------
[debug] 
[debug] [2026-04-06T06:14:12.278Z] No OAuth tokens found
[debug] [2026-04-06T06:14:12.279Z] No OAuth tokens found
[error] Failed to fetch Firebase Project from current Studio Workspace: Unable to refresh auth: not yet authenticated.
[debug] [2026-04-06T06:14:12.283Z] > command requires scopes: ["email","openid","https://www.googleapis.com/auth/cloudplatformprojects.readonly","https://www.googleapis.com/auth/firebase","https://www.googleapis.com/auth/cloud-platform","https://www.googleapis.com/auth/userinfo.email"]
[debug] [2026-04-06T06:14:12.284Z] > authorizing via signed-in user (ajw103@netmarble.com)
[debug] [2026-04-06T06:14:12.286Z] No OAuth tokens found
[debug] [2026-04-06T06:14:12.286Z] No OAuth tokens found
[debug] [2026-04-06T06:14:12.287Z] > command requires scopes: ["email","openid","https://www.googleapis.com/auth/cloudplatformprojects.readonly","https://www.googleapis.com/auth/firebase","https://www.googleapis.com/auth/cloud-platform","https://www.googleapis.com/auth/userinfo.email"]
[debug] [2026-04-06T06:14:12.287Z] > authorizing via signed-in user (ajw103@netmarble.com)
[debug] [2026-04-06T06:14:12.289Z] >>> [apiv2][query] POST https://cloudresourcemanager.googleapis.com/v1/projects [none]
[debug] [2026-04-06T06:14:12.289Z] >>> [apiv2][body] POST https://cloudresourcemanager.googleapis.com/v1/projects {"projectId":"parking-reservation-2026","name":"방문 신청"}
[debug] [2026-04-06T06:14:13.313Z] <<< [apiv2][status] POST https://cloudresourcemanager.googleapis.com/v1/projects 400
[debug] [2026-04-06T06:14:13.314Z] <<< [apiv2][body] POST https://cloudresourcemanager.googleapis.com/v1/projects {"error":{"code":400,"message":"field [display_name] has issue [project display name contains invalid characters]","status":"INVALID_ARGUMENT","details":[{"@type":"type.googleapis.com/google.rpc.BadRequest","fieldViolations":[{"field":"display_name","description":"project display name contains invalid characters"}]},{"@type":"type.googleapis.com/google.rpc.Help","links":[{"url":"https://cloud.google.com/resource-manager/reference/rest/v1/projects"}]}]}}
[debug] [2026-04-06T06:14:13.316Z] FirebaseError: Request to https://cloudresourcemanager.googleapis.com/v1/projects had HTTP Error: 400, field [display_name] has issue [project display name contains invalid characters]
    at responseToError (/nix/store/gm9mcvzb17vv8cla08khrg29vxn3sq4r-firebase-tools-15.1.0/lib/node_modules/firebase-tools/lib/responseToError.js:53:12)
    at RetryOperation._fn (/nix/store/gm9mcvzb17vv8cla08khrg29vxn3sq4r-firebase-tools-15.1.0/lib/node_modules/firebase-tools/lib/apiv2.js:322:77)
    at process.processTicksAndRejections (node:internal/process/task_queues:95:5)
[error] 
[error] Error: Failed to create project. See firebase-debug.log for more info.
[debug] [2026-04-06T06:15:01.567Z] ----------------------------------------------------------------------
[debug] [2026-04-06T06:15:01.570Z] Command:       /nix/store/ws50yvm6vzlzf7jzz6n7xh4szddrack1-nodejs-20.19.1/bin/node /nix/store/gm9mcvzb17vv8cla08khrg29vxn3sq4r-firebase-tools-15.1.0/lib/node_modules/firebase-tools/lib/bin/firebase.js Login
[debug] [2026-04-06T06:15:01.570Z] CLI Version:   15.1.0
[debug] [2026-04-06T06:15:01.570Z] Platform:      linux
[debug] [2026-04-06T06:15:01.570Z] Node Version:  v20.19.1
[debug] [2026-04-06T06:15:01.571Z] Time:          Mon Apr 06 2026 06:15:01 GMT+0000 (Coordinated Universal Time)
[debug] [2026-04-06T06:15:01.571Z] ----------------------------------------------------------------------
[debug] 
[debug] [2026-04-06T06:15:01.579Z] TypeError: Cannot read properties of undefined (reading 'indexOf')
    at new Option (/nix/store/gm9mcvzb17vv8cla08khrg29vxn3sq4r-firebase-tools-15.1.0/lib/node_modules/firebase-tools/node_modules/commander/index.js:23:27)
    at Command._optionEx (/nix/store/gm9mcvzb17vv8cla08khrg29vxn3sq4r-firebase-tools-15.1.0/lib/node_modules/firebase-tools/node_modules/commander/index.js:438:20)
    at Command.option (/nix/store/gm9mcvzb17vv8cla08khrg29vxn3sq4r-firebase-tools-15.1.0/lib/node_modules/firebase-tools/node_modules/commander/index.js:556:17)
    at /nix/store/gm9mcvzb17vv8cla08khrg29vxn3sq4r-firebase-tools-15.1.0/lib/node_modules/firebase-tools/lib/command.js:78:17
    at Array.forEach (<anonymous>)
    at Command.register (/nix/store/gm9mcvzb17vv8cla08khrg29vxn3sq4r-firebase-tools-15.1.0/lib/node_modules/firebase-tools/lib/command.js:76:22)
    at runner.load (/nix/store/gm9mcvzb17vv8cla08khrg29vxn3sq4r-firebase-tools-15.1.0/lib/node_modules/firebase-tools/lib/commands/index.js:17:42)
    at Command.<anonymous> (/nix/store/gm9mcvzb17vv8cla08khrg29vxn3sq4r-firebase-tools-15.1.0/lib/node_modules/firebase-tools/lib/index.js:95:13)
    at Command.listener [as _actionHandler] (/nix/store/gm9mcvzb17vv8cla08khrg29vxn3sq4r-firebase-tools-15.1.0/lib/node_modules/firebase-tools/node_modules/commander/index.js:413:31)
    at Command._parseCommand (/nix/store/gm9mcvzb17vv8cla08khrg29vxn3sq4r-firebase-tools-15.1.0/lib/node_modules/firebase-tools/node_modules/commander/index.js:914:14)
[error] 
[error] Error: An unexpected error has occurred.
